mode: atomic
aws-observability.io/collector/tools/version/build.go:30.13,32.2 1 1
aws-observability.io/collector/tools/version/build.go:39.31,42.25 3 1
aws-observability.io/collector/tools/version/build.go:48.2,48.25 1 1
aws-observability.io/collector/tools/version/build.go:52.2,52.21 1 1
aws-observability.io/collector/tools/version/build.go:42.25,43.50 1 5
aws-observability.io/collector/tools/version/build.go:43.50,45.4 1 3
aws-observability.io/collector/tools/version/build.go:48.25,51.3 1 5
aws-observability.io/collector/pkg/logger/logger.go:25.50,26.37 1 1
aws-observability.io/collector/pkg/logger/logger.go:26.37,30.3 2 1
aws-observability.io/collector/pkg/logger/logger.go:34.25,37.19 3 1
aws-observability.io/collector/pkg/logger/logger.go:44.2,44.23 1 1
aws-observability.io/collector/pkg/logger/logger.go:37.19,41.3 2 1
aws-observability.io/collector/pkg/logger/logger.go:41.8,43.3 1 0
aws-observability.io/collector/pkg/defaultcomponents/defaults.go:13.45,16.16 3 1
aws-observability.io/collector/pkg/defaultcomponents/defaults.go:20.2,24.42 2 1
aws-observability.io/collector/pkg/defaultcomponents/defaults.go:27.2,28.16 2 1
aws-observability.io/collector/pkg/defaultcomponents/defaults.go:32.2,32.54 1 1
aws-observability.io/collector/pkg/defaultcomponents/defaults.go:16.16,18.3 1 0
aws-observability.io/collector/pkg/defaultcomponents/defaults.go:24.42,26.3 1 7
aws-observability.io/collector/pkg/defaultcomponents/defaults.go:28.16,30.3 1 0
